# JRE version: Java(TM) SE Runtime Environment (8.0_60-b27) (build 1.8.0_60-b27)
# Java VM: Java HotSpot(TM) 64-Bit Server VM (25.60-b23 mixed mode windows-amd64 compressed oops)
Heap:
 PSYoungGen      total 172544K, used 26023K [0x00000000d6c00000, 0x00000000e4e00000, 0x0000000100000000)
  eden space 160256K, 8% used [0x00000000d6c00000,0x00000000d7970140,0x00000000e0880000)
  from space 12288K, 99% used [0x00000000e0880000,0x00000000e1479cf8,0x00000000e1480000)
  to   space 14336K, 0% used [0x00000000e4000000,0x00000000e4000000,0x00000000e4e00000)
 ParOldGen       total 98304K, used 23873K [0x0000000084400000, 0x000000008a400000, 0x00000000d6c00000)
  object space 98304K, 24% used [0x0000000084400000,0x0000000085b506e0,0x000000008a400000)
 Metaspace       used 44290K, capacity 44794K, committed 45184K, reserved 1089536K
  class space    used 5644K, capacity 5759K, committed 5760K, reserved 1048576K
GC Heap History (10 events):
Event: 7.410 GC heap before
{Heap before GC invocations=9 (full 1):
 PSYoungGen      total 131072K, used 6239K [0x00000000d6c00000, 0x00000000df400000, 0x0000000100000000)
  eden space 124416K, 0% used [0x00000000d6c00000,0x00000000d6c00000,0x00000000de580000)
  from space 6656K, 93% used [0x00000000dec80000,0x00000000df297e48,0x00000000df300000)
  to   space 7168K, 0% used [0x00000000de580000,0x00000000de580000,0x00000000dec80000)
 ParOldGen       total 84992K, used 4493K [0x0000000084400000, 0x0000000089700000, 0x00000000d6c00000)
  object space 84992K, 5% used [0x0000000084400000,0x0000000084863420,0x0000000089700000)
 Metaspace       used 20971K, capacity 21184K, committed 21296K, reserved 1069056K
  class space    used 2629K, capacity 2688K, committed 2688K, reserved 1048576K
Event: 7.527 GC heap after
Heap after GC invocations=9 (full 1):
 PSYoungGen      total 131072K, used 0K [0x00000000d6c00000, 0x00000000df400000, 0x0000000100000000)
  eden space 124416K, 0% used [0x00000000d6c00000,0x00000000d6c00000,0x00000000de580000)
  from space 6656K, 0% used [0x00000000dec80000,0x00000000dec80000,0x00000000df300000)
  to   space 7168K, 0% used [0x00000000de580000,0x00000000de580000,0x00000000dec80000)
 ParOldGen       total 56832K, used 9303K [0x0000000084400000, 0x0000000087b80000, 0x00000000d6c00000)
  object space 56832K, 16% used [0x0000000084400000,0x0000000084d15e60,0x0000000087b80000)
 Metaspace       used 20971K, capacity 21184K, committed 21296K, reserved 1069056K
  class space    used 2629K, capacity 2688K, committed 2688K, reserved 1048576K
}
Event: 9.250 GC heap before
{Heap before GC invocations=10 (full 1):
 PSYoungGen      total 131072K, used 124416K [0x00000000d6c00000, 0x00000000df400000, 0x0000000100000000)
  eden space 124416K, 100% used [0x00000000d6c00000,0x00000000de580000,0x00000000de580000)
  from space 6656K, 0% used [0x00000000dec80000,0x00000000dec80000,0x00000000df300000)
  to   space 7168K, 0% used [0x00000000de580000,0x00000000de580000,0x00000000dec80000)
 ParOldGen       total 56832K, used 9303K [0x0000000084400000, 0x0000000087b80000, 0x00000000d6c00000)
  object space 56832K, 16% used [0x0000000084400000,0x0000000084d15e60,0x0000000087b80000)
 Metaspace       used 26108K, capacity 26366K, committed 26624K, reserved 1073152K
  class space    used 3250K, capacity 3301K, committed 3328K, reserved 1048576K
Event: 9.261 GC heap after
Heap after GC invocations=10 (full 1):
 PSYoungGen      total 131584K, used 7166K [0x00000000d6c00000, 0x00000000e1d80000, 0x0000000100000000)
  eden space 124416K, 0% used [0x00000000d6c00000,0x00000000d6c00000,0x00000000de580000)
  from space 7168K, 99% used [0x00000000de580000,0x00000000dec7fb20,0x00000000dec80000)
  to   space 9216K, 0% used [0x00000000e1480000,0x00000000e1480000,0x00000000e1d80000)
 ParOldGen       total 56832K, used 13198K [0x0000000084400000, 0x0000000087b80000, 0x00000000d6c00000)
  object space 56832K, 23% used [0x0000000084400000,0x00000000850e3b38,0x0000000087b80000)
 Metaspace       used 26108K, capacity 26366K, committed 26624K, reserved 1073152K
  class space    used 3250K, capacity 3301K, committed 3328K, reserved 1048576K
}
Event: 10.421 GC heap before
{Heap before GC invocations=11 (full 1):
 PSYoungGen      total 131584K, used 98444K [0x00000000d6c00000, 0x00000000e1d80000, 0x0000000100000000)
  eden space 124416K, 73% used [0x00000000d6c00000,0x00000000dc5236c0,0x00000000de580000)
  from space 7168K, 99% used [0x00000000de580000,0x00000000dec7fb20,0x00000000dec80000)
  to   space 9216K, 0% used [0x00000000e1480000,0x00000000e1480000,0x00000000e1d80000)
 ParOldGen       total 56832K, used 13198K [0x0000000084400000, 0x0000000087b80000, 0x00000000d6c00000)
  object space 56832K, 23% used [0x0000000084400000,0x00000000850e3b38,0x0000000087b80000)
 Metaspace       used 34899K, capacity 35200K, committed 35496K, reserved 1081344K
  class space    used 4414K, capacity 4516K, committed 4608K, reserved 1048576K
Event: 10.434 GC heap after
Heap after GC invocations=11 (full 1):
 PSYoungGen      total 169472K, used 9214K [0x00000000d6c00000, 0x00000000e2200000, 0x0000000100000000)
  eden space 160256K, 0% used [0x00000000d6c00000,0x00000000d6c00000,0x00000000e0880000)
  from space 9216K, 99% used [0x00000000e1480000,0x00000000e1d7fa40,0x00000000e1d80000)
  to   space 12288K, 0% used [0x00000000e0880000,0x00000000e0880000,0x00000000e1480000)
 ParOldGen       total 56832K, used 19196K [0x0000000084400000, 0x0000000087b80000, 0x00000000d6c00000)
  object space 56832K, 33% used [0x0000000084400000,0x00000000856bf350,0x0000000087b80000)
 Metaspace       used 34899K, capacity 35200K, committed 35496K, reserved 1081344K
  class space    used 4414K, capacity 4516K, committed 4608K, reserved 1048576K
}
Event: 10.434 GC heap before
{Heap before GC invocations=12 (full 2):
 PSYoungGen      total 169472K, used 9214K [0x00000000d6c00000, 0x00000000e2200000, 0x0000000100000000)
  eden space 160256K, 0% used [0x00000000d6c00000,0x00000000d6c00000,0x00000000e0880000)
  from space 9216K, 99% used [0x00000000e1480000,0x00000000e1d7fa40,0x00000000e1d80000)
  to   space 12288K, 0% used [0x00000000e0880000,0x00000000e0880000,0x00000000e1480000)
 ParOldGen       total 56832K, used 19196K [0x0000000084400000, 0x0000000087b80000, 0x00000000d6c00000)
  object space 56832K, 33% used [0x0000000084400000,0x00000000856bf350,0x0000000087b80000)
 Metaspace       used 34899K, capacity 35200K, committed 35496K, reserved 1081344K
  class space    used 4414K, capacity 4516K, committed 4608K, reserved 1048576K
Event: 10.494 GC heap after
Heap after GC invocations=12 (full 2):
 PSYoungGen      total 169472K, used 0K [0x00000000d6c00000, 0x00000000e2200000, 0x0000000100000000)
  eden space 160256K, 0% used [0x00000000d6c00000,0x00000000d6c00000,0x00000000e0880000)
  from space 9216K, 0% used [0x00000000e1480000,0x00000000e1480000,0x00000000e1d80000)
  to   space 12288K, 0% used [0x00000000e0880000,0x00000000e0880000,0x00000000e1480000)
 ParOldGen       total 98304K, used 22515K [0x0000000084400000, 0x000000008a400000, 0x00000000d6c00000)
  object space 98304K, 22% used [0x0000000084400000,0x00000000859fce50,0x000000008a400000)
 Metaspace       used 34899K, capacity 35200K, committed 35496K, reserved 1081344K
  class space    used 4414K, capacity 4516K, committed 4608K, reserved 1048576K
}
Event: 13.377 GC heap before
{Heap before GC invocations=13 (full 2):
 PSYoungGen      total 169472K, used 160256K [0x00000000d6c00000, 0x00000000e2200000, 0x0000000100000000)
  eden space 160256K, 100% used [0x00000000d6c00000,0x00000000e0880000,0x00000000e0880000)
  from space 9216K, 0% used [0x00000000e1480000,0x00000000e1480000,0x00000000e1d80000)
  to   space 12288K, 0% used [0x00000000e0880000,0x00000000e0880000,0x00000000e1480000)
 ParOldGen       total 98304K, used 22515K [0x0000000084400000, 0x000000008a400000, 0x00000000d6c00000)
  object space 98304K, 22% used [0x0000000084400000,0x00000000859fce50,0x000000008a400000)
 Metaspace       used 44168K, capacity 44634K, committed 44928K, reserved 1089536K
  class space    used 5623K, capacity 5727K, committed 5760K, reserved 1048576K
Event: 13.407 GC heap after
Heap after GC invocations=13 (full 2):
 PSYoungGen      total 172544K, used 12263K [0x00000000d6c00000, 0x00000000e4e00000, 0x0000000100000000)
  eden space 160256K, 0% used [0x00000000d6c00000,0x00000000d6c00000,0x00000000e0880000)
  from space 12288K, 99% used [0x00000000e0880000,0x00000000e1479cf8,0x00000000e1480000)
  to   space 14336K, 0% used [0x00000000e4000000,0x00000000e4000000,0x00000000e4e00000)
 ParOldGen       total 98304K, used 23873K [0x0000000084400000, 0x000000008a400000, 0x00000000d6c00000)
  object space 98304K, 24% used [0x0000000084400000,0x0000000085b506e0,0x000000008a400000)
 Metaspace       used 44168K, capacity 44634K, committed 44928K, reserved 1089536K
  class space    used 5623K, capacity 5727K, committed 5760K, reserved 1048576K
}

